
Starting ...

Classifying against centroids....
(("Adelie" 3700.662251655629 38.79139072847685) ("Gentoo" 5076.016260162602 47.5048780487805) ("Chinstrap" 3733.0882352941176 48.833823529411774))
3
(4175.01 45.89) -> ((14.751994684532033 Chinstrap 3733.0882352941176 48.833823529411774) (24.50019626654703 Adelie 3700.662251655629 38.79139072847685) (24.810393900913905 Gentoo 5076.016260162602 47.5048780487805))
(4175 45.9) -> ((14.734532369334865 Chinstrap 3733.0882352941176 48.833823529411774) (24.525123556738826 Adelie 3700.662251655629 38.79139072847685) (24.805045514202444 Gentoo 5076.016260162602 47.5048780487805))
(2862 60) -> ((40.40849284598696 Chinstrap 3733.0882352941176 48.833823529411774) (66.36881804601872 Adelie 3700.662251655629 38.79139072847685) (70.22256256750424 Gentoo 5076.016260162602 47.5048780487805))
(4935 38) -> ((28.214126470286136 Gentoo 5076.016260162602 47.5048780487805) (33.441582179933974 Adelie 3700.662251655629 38.79139072847685) (45.503222634400096 Chinstrap 3733.0882352941176 48.833823529411774))
(3703 42) -> ((9.437297597057716 Adelie 3700.662251655629 38.79139072847685) (20.115924592659788 Chinstrap 3733.0882352941176 48.833823529411774) (40.48687297911204 Gentoo 5076.016260162602 47.5048780487805))
(3492 31) -> ((23.599589055811318 Adelie 3700.662251655629 38.79139072847685) (52.85559117947377 Chinstrap 3733.0882352941176 48.833823529411774) (64.72479961132619 Gentoo 5076.016260162602 47.5048780487805))
(3399 54) -> ((17.67504626865598 Chinstrap 3733.0882352941176 48.833823529411774) (45.468148726535276 Adelie 3700.662251655629 38.79139072847685) (49.18607808986797 Gentoo 5076.016260162602 47.5048780487805))
(5645 56) -> ((29.33877725785918 Gentoo 5076.016260162602 47.5048780487805) (55.806527286493974 Chinstrap 3733.0882352941176 48.833823529411774) (72.96026191483227 Adelie 3700.662251655629 38.79139072847685))
(3815 56) -> ((21.19293611632646 Chinstrap 3733.0882352941176 48.833823529411774) (42.25911603881786 Gentoo 5076.016260162602 47.5048780487805) (50.707805258387616 Adelie 3700.662251655629 38.79139072847685))
(6238 35) -> ((48.36290553299493 Gentoo 5076.016260162602 47.5048780487805) (69.4774161093912 Adelie 3700.662251655629 38.79139072847685) (78.98622226225126 Chinstrap 3733.0882352941176 48.833823529411774))
(5330 39) -> ((25.939119145472823 Gentoo 5076.016260162602 47.5048780487805) (44.04042950231988 Adelie 3700.662251655629 38.79139072847685) (51.954854602900745 Chinstrap 3733.0882352941176 48.833823529411774))
(3427 43) -> ((14.4196497394536 Adelie 3700.662251655629 38.79139072847685) (19.048470650839544 Chinstrap 3733.0882352941176 48.833823529411774) (46.4958089063948 Gentoo 5076.016260162602 47.5048780487805))
(5672 53) -> ((22.81822126055016 Gentoo 5076.016260162602 47.5048780487805) (53.81657609103088 Chinstrap 3733.0882352941176 48.833823529411774) (67.71337160969577 Adelie 3700.662251655629 38.79139072847685))
(5595 44) -> ((17.407171114736972 Gentoo 5076.016260162602 47.5048780487805) (52.29172337107937 Chinstrap 3733.0882352941176 48.833823529411774) (53.44111646925713 Adelie 3700.662251655629 38.79139072847685))
(4996 56) -> ((25.079068792925362 Gentoo 5076.016260162602 47.5048780487805) (40.11588390040014 Chinstrap 3733.0882352941176 48.833823529411774) (61.54162157902953 Adelie 3700.662251655629 38.79139072847685))
(3672 38) -> ((2.453141853127103 Adelie 3700.662251655629 38.79139072847685) (31.90693208272557 Chinstrap 3733.0882352941176 48.833823529411774) (47.132149001443295 Gentoo 5076.016260162602 47.5048780487805))
(6071 45) -> ((27.8823806685391 Gentoo 5076.016260162602 47.5048780487805) (64.18503984817119 Chinstrap 3733.0882352941176 48.833823529411774) (66.61487383640633 Adelie 3700.662251655629 38.79139072847685))
(2707 50) -> ((27.94341779556962 Chinstrap 3733.0882352941176 48.833823529411774) (42.52082508158043 Adelie 3700.662251655629 38.79139072847685) (64.44665566775906 Gentoo 5076.016260162602 47.5048780487805))
(5912 31) -> ((53.544302971635574 Gentoo 5076.016260162602 47.5048780487805) (64.00857313561357 Adelie 3700.662251655629 38.79139072847685) (78.86209889280073 Chinstrap 3733.0882352941176 48.833823529411774))
(6104 61) -> ((48.449274341466705 Gentoo 5076.016260162602 47.5048780487805) (73.39273296217598 Chinstrap 3733.0882352941176 48.833823529411774) (92.11835208234963 Adelie 3700.662251655629 38.79139072847685))
(3137 45) -> ((19.664563642554366 Chinstrap 3733.0882352941176 48.833823529411774) (23.780839675707426 Adelie 3700.662251655629 38.79139072847685) (52.92116320071579 Gentoo 5076.016260162602 47.5048780487805))
(3327 46) -> ((13.78139879037656 Chinstrap 3733.0882352941176 48.833823529411774) (23.484151580147543 Adelie 3700.662251655629 38.79139072847685) (47.47747324143898 Gentoo 5076.016260162602 47.5048780487805))
(3846 56) -> ((21.29676447331466 Chinstrap 3733.0882352941176 48.833823529411774) (41.58635937008188 Gentoo 5076.016260162602 47.5048780487805) (50.765752974954026 Adelie 3700.662251655629 38.79139072847685))
(5452 31) -> ((49.59593877369038 Gentoo 5076.016260162602 47.5048780487805) (52.588897637644386 Adelie 3700.662251655629 38.79139072847685) (70.06794117581079 Chinstrap 3733.0882352941176 48.833823529411774))
(3113 41) -> ((17.159808275923147 Adelie 3700.662251655629 38.79139072847685) (28.49106384241259 Chinstrap 3733.0882352941176 48.833823529411774) (56.39869224414031 Gentoo 5076.016260162602 47.5048780487805))
(3154 55) -> ((23.95542870891111 Chinstrap 3733.0882352941176 48.833823529411774) (49.90938066728584 Adelie 3700.662251655629 38.79139072847685) (56.43036322477707 Gentoo 5076.016260162602 47.5048780487805))
(3555 34) -> ((14.631889001700262 Adelie 3700.662251655629 38.79139072847685) (43.89358874078125 Chinstrap 3733.0882352941176 48.833823529411774) (57.16300656365953 Gentoo 5076.016260162602 47.5048780487805))
(4592 64) -> ((50.247762828432485 Gentoo 5076.016260162602 47.5048780487805) (50.28531611068837 Chinstrap 3733.0882352941176 48.833823529411774) (77.95843738543188 Adelie 3700.662251655629 38.79139072847685))
((14.751994684532033 "Chinstrap") (24.50019626654703 "Adelie") (24.810393900913905 "Gentoo"))
#hash(("Adelie" . (24.50019626654703)) ("Chinstrap" . (14.751994684532033)) ("Gentoo" . (24.810393900913905)))
(("Chinstrap" 1475.1994684532033) ("Gentoo" 2481.0393900913905) ("Adelie" 2450.0196266547027))
(("Chinstrap" 1475.1994684532033) ("Gentoo" 2481.0393900913905) ("Adelie" 2450.0196266547027))
(("Chinstrap" 1475.1994684532033) ("Adelie" 2450.0196266547027) ("Gentoo" 2481.0393900913905))
""
((14.734532369334865 "Chinstrap") (24.525123556738826 "Adelie") (24.805045514202444 "Gentoo"))
#hash(("Adelie" . (24.525123556738826)) ("Chinstrap" . (14.734532369334865)) ("Gentoo" . (24.805045514202444)))
(("Chinstrap" 1473.4532369334866) ("Gentoo" 2480.5045514202443) ("Adelie" 2452.5123556738827))
(("Chinstrap" 1473.4532369334866) ("Gentoo" 2480.5045514202443) ("Adelie" 2452.5123556738827))
(("Chinstrap" 1473.4532369334866) ("Adelie" 2452.5123556738827) ("Gentoo" 2480.5045514202443))
""
((40.40849284598696 "Chinstrap") (66.36881804601872 "Adelie") (70.22256256750424 "Gentoo"))
#hash(("Adelie" . (66.36881804601872)) ("Chinstrap" . (40.40849284598696)) ("Gentoo" . (70.22256256750424)))
(("Chinstrap" 4040.849284598696) ("Gentoo" 7022.256256750424) ("Adelie" 6636.881804601871))
(("Chinstrap" 4040.849284598696) ("Gentoo" 7022.256256750424) ("Adelie" 6636.881804601871))
(("Chinstrap" 4040.849284598696) ("Adelie" 6636.881804601871) ("Gentoo" 7022.256256750424))
""
((28.214126470286136 "Gentoo") (33.441582179933974 "Adelie") (45.503222634400096 "Chinstrap"))
#hash(("Adelie" . (33.441582179933974)) ("Chinstrap" . (45.503222634400096)) ("Gentoo" . (28.214126470286136)))
(("Chinstrap" 4550.32226344001) ("Gentoo" 2821.4126470286137) ("Adelie" 3344.1582179933976))
(("Chinstrap" 4550.32226344001) ("Gentoo" 2821.4126470286137) ("Adelie" 3344.1582179933976))
(("Gentoo" 2821.4126470286137) ("Adelie" 3344.1582179933976) ("Chinstrap" 4550.32226344001))
""
((9.437297597057716 "Adelie") (20.115924592659788 "Chinstrap") (40.48687297911204 "Gentoo"))
#hash(("Adelie" . (9.437297597057716)) ("Chinstrap" . (20.115924592659788)) ("Gentoo" . (40.48687297911204)))
(("Chinstrap" 2011.5924592659787) ("Gentoo" 4048.6872979112045) ("Adelie" 943.7297597057716))
(("Chinstrap" 2011.5924592659787) ("Gentoo" 4048.6872979112045) ("Adelie" 943.7297597057716))
(("Adelie" 943.7297597057716) ("Chinstrap" 2011.5924592659787) ("Gentoo" 4048.6872979112045))
""
((23.599589055811318 "Adelie") (52.85559117947377 "Chinstrap") (64.72479961132619 "Gentoo"))
#hash(("Adelie" . (23.599589055811318)) ("Chinstrap" . (52.85559117947377)) ("Gentoo" . (64.72479961132619)))
(("Chinstrap" 5285.559117947377) ("Gentoo" 6472.479961132619) ("Adelie" 2359.9589055811316))
(("Chinstrap" 5285.559117947377) ("Gentoo" 6472.479961132619) ("Adelie" 2359.9589055811316))
(("Adelie" 2359.9589055811316) ("Chinstrap" 5285.559117947377) ("Gentoo" 6472.479961132619))
""
((17.67504626865598 "Chinstrap") (45.468148726535276 "Adelie") (49.18607808986797 "Gentoo"))
#hash(("Adelie" . (45.468148726535276)) ("Chinstrap" . (17.67504626865598)) ("Gentoo" . (49.18607808986797)))
(("Chinstrap" 1767.5046268655979) ("Gentoo" 4918.607808986797) ("Adelie" 4546.814872653527))
(("Chinstrap" 1767.5046268655979) ("Gentoo" 4918.607808986797) ("Adelie" 4546.814872653527))
(("Chinstrap" 1767.5046268655979) ("Adelie" 4546.814872653527) ("Gentoo" 4918.607808986797))
""
((29.33877725785918 "Gentoo") (55.806527286493974 "Chinstrap") (72.96026191483227 "Adelie"))
#hash(("Adelie" . (72.96026191483227)) ("Chinstrap" . (55.806527286493974)) ("Gentoo" . (29.33877725785918)))
(("Chinstrap" 5580.652728649397) ("Gentoo" 2933.8777257859183) ("Adelie" 7296.026191483227))
(("Chinstrap" 5580.652728649397) ("Gentoo" 2933.8777257859183) ("Adelie" 7296.026191483227))
(("Gentoo" 2933.8777257859183) ("Chinstrap" 5580.652728649397) ("Adelie" 7296.026191483227))
""
((21.19293611632646 "Chinstrap") (42.25911603881786 "Gentoo") (50.707805258387616 "Adelie"))
#hash(("Adelie" . (50.707805258387616)) ("Chinstrap" . (21.19293611632646)) ("Gentoo" . (42.25911603881786)))
(("Chinstrap" 2119.293611632646) ("Gentoo" 4225.911603881786) ("Adelie" 5070.780525838762))
(("Chinstrap" 2119.293611632646) ("Gentoo" 4225.911603881786) ("Adelie" 5070.780525838762))
(("Chinstrap" 2119.293611632646) ("Gentoo" 4225.911603881786) ("Adelie" 5070.780525838762))
""
((48.36290553299493 "Gentoo") (69.4774161093912 "Adelie") (78.98622226225126 "Chinstrap"))
#hash(("Adelie" . (69.4774161093912)) ("Chinstrap" . (78.98622226225126)) ("Gentoo" . (48.36290553299493)))
(("Chinstrap" 7898.622226225126) ("Gentoo" 4836.290553299493) ("Adelie" 6947.74161093912))
(("Chinstrap" 7898.622226225126) ("Gentoo" 4836.290553299493) ("Adelie" 6947.74161093912))
(("Gentoo" 4836.290553299493) ("Adelie" 6947.74161093912) ("Chinstrap" 7898.622226225126))
""
((25.939119145472823 "Gentoo") (44.04042950231988 "Adelie") (51.954854602900745 "Chinstrap"))
#hash(("Adelie" . (44.04042950231988)) ("Chinstrap" . (51.954854602900745)) ("Gentoo" . (25.939119145472823)))
(("Chinstrap" 5195.485460290074) ("Gentoo" 2593.9119145472823) ("Adelie" 4404.0429502319885))
(("Chinstrap" 5195.485460290074) ("Gentoo" 2593.9119145472823) ("Adelie" 4404.0429502319885))
(("Gentoo" 2593.9119145472823) ("Adelie" 4404.0429502319885) ("Chinstrap" 5195.485460290074))
""
((14.4196497394536 "Adelie") (19.048470650839544 "Chinstrap") (46.4958089063948 "Gentoo"))
#hash(("Adelie" . (14.4196497394536)) ("Chinstrap" . (19.048470650839544)) ("Gentoo" . (46.4958089063948)))
(("Chinstrap" 1904.8470650839545) ("Gentoo" 4649.58089063948) ("Adelie" 1441.96497394536))
(("Chinstrap" 1904.8470650839545) ("Gentoo" 4649.58089063948) ("Adelie" 1441.96497394536))
(("Adelie" 1441.96497394536) ("Chinstrap" 1904.8470650839545) ("Gentoo" 4649.58089063948))
""
((22.81822126055016 "Gentoo") (53.81657609103088 "Chinstrap") (67.71337160969577 "Adelie"))
#hash(("Adelie" . (67.71337160969577)) ("Chinstrap" . (53.81657609103088)) ("Gentoo" . (22.81822126055016)))
(("Chinstrap" 5381.657609103088) ("Gentoo" 2281.8221260550163) ("Adelie" 6771.337160969577))
(("Chinstrap" 5381.657609103088) ("Gentoo" 2281.8221260550163) ("Adelie" 6771.337160969577))
(("Gentoo" 2281.8221260550163) ("Chinstrap" 5381.657609103088) ("Adelie" 6771.337160969577))
""
((17.407171114736972 "Gentoo") (52.29172337107937 "Chinstrap") (53.44111646925713 "Adelie"))
#hash(("Adelie" . (53.44111646925713)) ("Chinstrap" . (52.29172337107937)) ("Gentoo" . (17.407171114736972)))
(("Chinstrap" 5229.172337107937) ("Gentoo" 1740.7171114736973) ("Adelie" 5344.111646925713))
(("Chinstrap" 5229.172337107937) ("Gentoo" 1740.7171114736973) ("Adelie" 5344.111646925713))
(("Gentoo" 1740.7171114736973) ("Chinstrap" 5229.172337107937) ("Adelie" 5344.111646925713))
""
((25.079068792925362 "Gentoo") (40.11588390040014 "Chinstrap") (61.54162157902953 "Adelie"))
#hash(("Adelie" . (61.54162157902953)) ("Chinstrap" . (40.11588390040014)) ("Gentoo" . (25.079068792925362)))
(("Chinstrap" 4011.588390040014) ("Gentoo" 2507.9068792925364) ("Adelie" 6154.162157902953))
(("Chinstrap" 4011.588390040014) ("Gentoo" 2507.9068792925364) ("Adelie" 6154.162157902953))
(("Gentoo" 2507.9068792925364) ("Chinstrap" 4011.588390040014) ("Adelie" 6154.162157902953))
""
((2.453141853127103 "Adelie") (31.90693208272557 "Chinstrap") (47.132149001443295 "Gentoo"))
#hash(("Adelie" . (2.453141853127103)) ("Chinstrap" . (31.90693208272557)) ("Gentoo" . (47.132149001443295)))
(("Chinstrap" 3190.693208272557) ("Gentoo" 4713.2149001443295) ("Adelie" 245.31418531271032))
(("Chinstrap" 3190.693208272557) ("Gentoo" 4713.2149001443295) ("Adelie" 245.31418531271032))
(("Adelie" 245.31418531271032) ("Chinstrap" 3190.693208272557) ("Gentoo" 4713.2149001443295))
""
((27.8823806685391 "Gentoo") (64.18503984817119 "Chinstrap") (66.61487383640633 "Adelie"))
#hash(("Adelie" . (66.61487383640633)) ("Chinstrap" . (64.18503984817119)) ("Gentoo" . (27.8823806685391)))
(("Chinstrap" 6418.503984817118) ("Gentoo" 2788.23806685391) ("Adelie" 6661.487383640633))
(("Chinstrap" 6418.503984817118) ("Gentoo" 2788.23806685391) ("Adelie" 6661.487383640633))
(("Gentoo" 2788.23806685391) ("Chinstrap" 6418.503984817118) ("Adelie" 6661.487383640633))
""
((27.94341779556962 "Chinstrap") (42.52082508158043 "Adelie") (64.44665566775906 "Gentoo"))
#hash(("Adelie" . (42.52082508158043)) ("Chinstrap" . (27.94341779556962)) ("Gentoo" . (64.44665566775906)))
(("Chinstrap" 2794.341779556962) ("Gentoo" 6444.665566775906) ("Adelie" 4252.082508158043))
(("Chinstrap" 2794.341779556962) ("Gentoo" 6444.665566775906) ("Adelie" 4252.082508158043))
(("Chinstrap" 2794.341779556962) ("Adelie" 4252.082508158043) ("Gentoo" 6444.665566775906))
""
((53.544302971635574 "Gentoo") (64.00857313561357 "Adelie") (78.86209889280073 "Chinstrap"))
#hash(("Adelie" . (64.00857313561357)) ("Chinstrap" . (78.86209889280073)) ("Gentoo" . (53.544302971635574)))
(("Chinstrap" 7886.209889280073) ("Gentoo" 5354.430297163557) ("Adelie" 6400.857313561357))
(("Chinstrap" 7886.209889280073) ("Gentoo" 5354.430297163557) ("Adelie" 6400.857313561357))
(("Gentoo" 5354.430297163557) ("Adelie" 6400.857313561357) ("Chinstrap" 7886.209889280073))
""
((48.449274341466705 "Gentoo") (73.39273296217598 "Chinstrap") (92.11835208234963 "Adelie"))
#hash(("Adelie" . (92.11835208234963)) ("Chinstrap" . (73.39273296217598)) ("Gentoo" . (48.449274341466705)))
(("Chinstrap" 7339.273296217599) ("Gentoo" 4844.927434146671) ("Adelie" 9211.835208234963))
(("Chinstrap" 7339.273296217599) ("Gentoo" 4844.927434146671) ("Adelie" 9211.835208234963))
(("Gentoo" 4844.927434146671) ("Chinstrap" 7339.273296217599) ("Adelie" 9211.835208234963))
""
((19.664563642554366 "Chinstrap") (23.780839675707426 "Adelie") (52.92116320071579 "Gentoo"))
#hash(("Adelie" . (23.780839675707426)) ("Chinstrap" . (19.664563642554366)) ("Gentoo" . (52.92116320071579)))
(("Chinstrap" 1966.4563642554367) ("Gentoo" 5292.116320071579) ("Adelie" 2378.0839675707425))
(("Chinstrap" 1966.4563642554367) ("Gentoo" 5292.116320071579) ("Adelie" 2378.0839675707425))
(("Chinstrap" 1966.4563642554367) ("Adelie" 2378.0839675707425) ("Gentoo" 5292.116320071579))
""
((13.78139879037656 "Chinstrap") (23.484151580147543 "Adelie") (47.47747324143898 "Gentoo"))
#hash(("Adelie" . (23.484151580147543)) ("Chinstrap" . (13.78139879037656)) ("Gentoo" . (47.47747324143898)))
(("Chinstrap" 1378.139879037656) ("Gentoo" 4747.7473241438975) ("Adelie" 2348.4151580147545))
(("Chinstrap" 1378.139879037656) ("Gentoo" 4747.7473241438975) ("Adelie" 2348.4151580147545))
(("Chinstrap" 1378.139879037656) ("Adelie" 2348.4151580147545) ("Gentoo" 4747.7473241438975))
""
((21.29676447331466 "Chinstrap") (41.58635937008188 "Gentoo") (50.765752974954026 "Adelie"))
#hash(("Adelie" . (50.765752974954026)) ("Chinstrap" . (21.29676447331466)) ("Gentoo" . (41.58635937008188)))
(("Chinstrap" 2129.676447331466) ("Gentoo" 4158.635937008188) ("Adelie" 5076.575297495403))
(("Chinstrap" 2129.676447331466) ("Gentoo" 4158.635937008188) ("Adelie" 5076.575297495403))
(("Chinstrap" 2129.676447331466) ("Gentoo" 4158.635937008188) ("Adelie" 5076.575297495403))
""
((49.59593877369038 "Gentoo") (52.588897637644386 "Adelie") (70.06794117581079 "Chinstrap"))
#hash(("Adelie" . (52.588897637644386)) ("Chinstrap" . (70.06794117581079)) ("Gentoo" . (49.59593877369038)))
(("Chinstrap" 7006.794117581078) ("Gentoo" 4959.593877369038) ("Adelie" 5258.889763764439))
(("Chinstrap" 7006.794117581078) ("Gentoo" 4959.593877369038) ("Adelie" 5258.889763764439))
(("Gentoo" 4959.593877369038) ("Adelie" 5258.889763764439) ("Chinstrap" 7006.794117581078))
""
((17.159808275923147 "Adelie") (28.49106384241259 "Chinstrap") (56.39869224414031 "Gentoo"))
#hash(("Adelie" . (17.159808275923147)) ("Chinstrap" . (28.49106384241259)) ("Gentoo" . (56.39869224414031)))
(("Chinstrap" 2849.106384241259) ("Gentoo" 5639.869224414031) ("Adelie" 1715.9808275923147))
(("Chinstrap" 2849.106384241259) ("Gentoo" 5639.869224414031) ("Adelie" 1715.9808275923147))
(("Adelie" 1715.9808275923147) ("Chinstrap" 2849.106384241259) ("Gentoo" 5639.869224414031))
""
((23.95542870891111 "Chinstrap") (49.90938066728584 "Adelie") (56.43036322477707 "Gentoo"))
#hash(("Adelie" . (49.90938066728584)) ("Chinstrap" . (23.95542870891111)) ("Gentoo" . (56.43036322477707)))
(("Chinstrap" 2395.542870891111) ("Gentoo" 5643.036322477707) ("Adelie" 4990.938066728584))
(("Chinstrap" 2395.542870891111) ("Gentoo" 5643.036322477707) ("Adelie" 4990.938066728584))
(("Chinstrap" 2395.542870891111) ("Adelie" 4990.938066728584) ("Gentoo" 5643.036322477707))
""
((14.631889001700262 "Adelie") (43.89358874078125 "Chinstrap") (57.16300656365953 "Gentoo"))
#hash(("Adelie" . (14.631889001700262)) ("Chinstrap" . (43.89358874078125)) ("Gentoo" . (57.16300656365953)))
(("Chinstrap" 4389.358874078125) ("Gentoo" 5716.300656365953) ("Adelie" 1463.1889001700263))
(("Chinstrap" 4389.358874078125) ("Gentoo" 5716.300656365953) ("Adelie" 1463.1889001700263))
(("Adelie" 1463.1889001700263) ("Chinstrap" 4389.358874078125) ("Gentoo" 5716.300656365953))
""
((50.247762828432485 "Gentoo") (50.28531611068837 "Chinstrap") (77.95843738543188 "Adelie"))
#hash(("Adelie" . (77.95843738543188)) ("Chinstrap" . (50.28531611068837)) ("Gentoo" . (50.247762828432485)))
(("Chinstrap" 5028.531611068837) ("Gentoo" 5024.776282843249) ("Adelie" 7795.843738543188))
(("Chinstrap" 5028.531611068837) ("Gentoo" 5024.776282843249) ("Adelie" 7795.843738543188))
(("Gentoo" 5024.776282843249) ("Chinstrap" 5028.531611068837) ("Adelie" 7795.843738543188))
""
